This file contains any messages produced by compilers while
running configure, to aid debugging if configure makes a mistake.

configure:613: checking host system type
configure:634: checking target system type
configure:652: checking build system type
configure:711: checking for a BSD compatible install
configure:768: checking for -p flag to install
configure:791: checking whether build environment is sane
configure:829: checking whether make sets ${MAKE}
configure:875: checking for working aclocal
configure:888: checking for working autoconf
configure:901: checking for working automake
configure:914: checking for working autoheader
configure:927: checking for working makeinfo
configure:1059: checking for gcc
configure:1172: checking whether the C compiler (gcc   -lpthread -lSDL) works
configure:1188: gcc -o conftest    -lpthread -lSDL conftest.c  1>&5
configure:1214: checking whether the C compiler (gcc   -lpthread -lSDL) is a cross-compiler
configure:1219: checking whether we are using GNU C
configure:1247: checking whether gcc accepts -g
configure:1280: checking how to run the C preprocessor
configure:1393: checking for c++
configure:1425: checking whether the C++ compiler (g++  -O0 -g3 -Wall  -lpthread -lSDL) works
configure:1446: rm -rf SunWS_cache; g++ -o conftest  -O0 -g3 -Wall   -lpthread -lSDL conftest.C  1>&5
configure:1472: checking whether the C++ compiler (g++  -O0 -g3 -Wall  -lpthread -lSDL) is a cross-compiler
configure:1477: checking whether we are using GNU C++
configure:1505: checking whether g++ accepts -g
configure:1554: gcc -c -O2    conftest.c 1>&5
configure:1571: gcc -c -O2    conftest.c 1>&5
configure:2045: checking whether g++ supports -fno-exceptions
configure:2103: checking whether g++ supports -fno-check-new
configure:2161: checking whether g++ supports -fexceptions
configure:2678: checking how to run the C++ preprocessor
configure:2781: checking whether g++ supports -frepo
configure:3037: checking for ld used by GCC
configure:3105: checking if the linker (/usr/bin/ld) is GNU ld
configure:3122: checking for /usr/bin/ld option to reload object files
configure:3134: checking for BSD-compatible nm
configure:3172: checking whether ln -s works
configure:3193: checking how to recognise dependant libraries
configure:3514: checking for ranlib
configure:3581: checking for strip
configure:3753: checking for Cygwin environment
configure:3786: checking for mingw32 environment
ltconfig:678:checking for gcc option to produce PIC
ltconfig:687:checking that gcc PIC flag  -fPIC -DPIC works.
ltconfig:749: checking if gcc static flag -static works
ltconfig:780: finding the maximum length of command line arguments
ltconfig:@lineno@: result: 73729
ltconfig:883: checking if gcc supports -fno-rtti -fno-exceptions
ltconfig:884: gcc -c -O2   -fno-rtti -fno-exceptions -c conftest.c  conftest.c 1>&5
ltconfig:1423: checking if global_symbol_pipe works
ltconfig:1424: gcc -c -O2    conftest.c 1>&5
ltconfig:1427: eval "/usr/bin/nm -B conftest.o | sed -n -e 's/^.*[ 	]\([ABCDGISTW]\)[ 	][ 	]*\(\)\([_A-Za-z][_A-Za-z0-9]*\)$/\1 \2\3 \3/p' > conftest.nm"
ltconfig:1479: gcc -o conftest -O2   -fno-builtin -fno-rtti -fno-exceptions  -lpthread -lSDL conftest.c conftstm.o 1>&5
ltconfig:1863: checking for dlfcn.h
ltconfig:1902: checking whether a program can dlopen itself
ltconfig:1976: checking whether a statically linked program can dlopen itself
g++ -E conftest.cc
ltconfig:678:checking for g++ option to produce PIC
ltconfig:687:checking that g++ PIC flag -fPIC -DPIC works.
ltconfig:697: g++ -c -O2 -O0 -g3 -Wall -fno-exceptions -fno-check-new -fexceptions -fPIC -DPIC -DPIC  conftest.cc 1>&5
ltconfig:749: checking if g++ static flag -static works
ltconfig:758: g++ -o conftest -O2 -O0 -g3 -Wall -fno-exceptions -fno-check-new -fexceptions  -lpthread -lSDL -static conftest.cc  1>&5
ltconfig:780: finding the maximum length of command line arguments
ltconfig:@lineno@: result: 73729
ltconfig:883: checking if g++ supports -fno-rtti -fno-exceptions
ltconfig:884: g++ -c -O2 -O0 -g3 -Wall -fno-exceptions -fno-check-new -fexceptions -fno-rtti -fno-exceptions -c conftest.cc  conftest.cc 1>&5
ltconfig:1423: checking if global_symbol_pipe works
ltconfig:1424: g++ -c -O2 -O0 -g3 -Wall -fno-exceptions -fno-check-new -fexceptions  conftest.cc 1>&5
ltconfig:1427: eval "/usr/bin/nm -B conftest.o | sed -n -e 's/^.*[ 	]\([ABCDGISTW]\)[ 	][ 	]*\(\)\([_A-Za-z][_A-Za-z0-9]*\)$/\1 \2\3 \3/p' > conftest.nm"
ltconfig:1479: g++ -o conftest -O2 -O0 -g3 -Wall -fno-exceptions -fno-check-new -fexceptions -fno-builtin -fno-rtti -fno-exceptions  -lpthread -lSDL conftest.cc conftstm.o 1>&5
ltconfig:1863: checking for dlfcn.h
ltconfig:1902: checking whether a program can dlopen itself
ltconfig:1976: checking whether a statically linked program can dlopen itself
configure:3933: checking for object suffix
configure:3959: checking for executable suffix
configure:4101: checking for extra includes
configure:4132: checking for extra libs
configure:4191: checking if bananna should be compiled
